<?xml version="1.0" encoding="UTF-8"?>
<!-- Generated by org.testng.reporters.JUnitReportReporter -->
<testsuite hostname="DESKTOP-CVSSBQ4" failures="0" tests="2" name="commerce_service.Updateuser" time="7.677" errors="0" timestamp="2022-02-08T17:33:11 PKT" skipped="0">
  <testcase classname="commerce_service.Updateuser" name="login_user" time="5.086"/>
  <system-out/>
  <testcase classname="commerce_service.Updateuser" name="update_user" time="2.591"/>
  <system-out/>
</testsuite> <!-- commerce_service.Updateuser -->
