<?xml version="1.0" encoding="UTF-8"?>
<!-- Generated by org.testng.reporters.JUnitReportReporter -->
<testsuite hostname="DESKTOP-CVSSBQ4" failures="0" tests="3" name="v1_scenario.Addressbyotherid" time="6.603" errors="0" timestamp="2022-02-15T12:25:26 PKT" skipped="0">
  <testcase classname="v1_scenario.Addressbyotherid" name="LoginUpdatedName" time="4.272"/>
  <system-out/>
  <testcase classname="v1_scenario.Addressbyotherid" name="createAddress" time="1.536"/>
  <system-out/>
  <testcase classname="v1_scenario.Addressbyotherid" name="getAddressById" time="0.795"/>
  <system-out/>
</testsuite> <!-- v1_scenario.Addressbyotherid -->
