<?xml version="1.0" encoding="UTF-8"?>
<!-- Generated by org.testng.reporters.JUnitReportReporter -->
<testsuite hostname="DESKTOP-CVSSBQ4" failures="0" tests="2" name="v1_scenario.Updateuserscenario" time="5.572" errors="0" timestamp="2022-02-15T12:25:26 PKT" skipped="0">
  <testcase classname="v1_scenario.Updateuserscenario" name="loginWithNewPassword" time="4.765"/>
  <system-out/>
  <testcase classname="v1_scenario.Updateuserscenario" name="updateName" time="0.807"/>
  <system-out/>
</testsuite> <!-- v1_scenario.Updateuserscenario -->
