<?xml version="1.0" encoding="UTF-8"?>
<!-- Generated by org.testng.reporters.JUnitReportReporter -->
<testsuite hostname="DESKTOP-CVSSBQ4" failures="0" tests="2" name="commerce_service.Changepassword" time="6.097" errors="0" timestamp="2022-02-09T20:20:51 PKT" skipped="0">
  <testcase classname="commerce_service.Changepassword" name="login_user" time="3.690"/>
  <system-out/>
  <testcase classname="commerce_service.Changepassword" name="change_password" time="2.407"/>
  <system-out/>
</testsuite> <!-- commerce_service.Changepassword -->
