<?xml version="1.0" encoding="UTF-8"?>
<!-- Generated by org.testng.reporters.JUnitReportReporter -->
<testsuite hostname="DESKTOP-CVSSBQ4" failures="0" tests="2" name="commerce_service.Createaddress" time="6.033" errors="0" timestamp="2022-02-08T17:33:11 PKT" skipped="0">
  <testcase classname="commerce_service.Createaddress" name="login_user" time="4.678"/>
  <system-out/>
  <testcase classname="commerce_service.Createaddress" name="create_address" time="1.355"/>
  <system-out/>
</testsuite> <!-- commerce_service.Createaddress -->
