<?xml version="1.0" encoding="UTF-8"?>
<!-- Generated by org.testng.reporters.JUnitReportReporter -->
<testsuite hostname="DESKTOP-CVSSBQ4" failures="0" tests="3" name="commerce_service.Setuserdefaultaddress" time="7.424" errors="0" timestamp="2022-02-15T12:07:05 PKT" skipped="0">
  <testcase classname="commerce_service.Setuserdefaultaddress" name="login_user" time="4.599"/>
  <system-out/>
  <testcase classname="commerce_service.Setuserdefaultaddress" name="create_address" time="0.885"/>
  <system-out/>
  <testcase classname="commerce_service.Setuserdefaultaddress" name="set_address" time="1.940"/>
  <system-out/>
</testsuite> <!-- commerce_service.Setuserdefaultaddress -->
