<?xml version="1.0" encoding="UTF-8"?>
<!-- Generated by org.testng.reporters.JUnitReportReporter -->
<testsuite hostname="DESKTOP-CVSSBQ4" failures="0" tests="3" name="commerce_service.Updateaddress" time="6.661" errors="0" timestamp="2022-02-15T12:07:05 PKT" skipped="0">
  <testcase classname="commerce_service.Updateaddress" name="login_user" time="3.965"/>
  <system-out/>
  <testcase classname="commerce_service.Updateaddress" name="create_address" time="1.491"/>
  <system-out/>
  <testcase classname="commerce_service.Updateaddress" name="update_address" time="1.205"/>
  <system-out/>
</testsuite> <!-- commerce_service.Updateaddress -->
