<?xml version="1.0" encoding="UTF-8"?>
<!-- Generated by org.testng.reporters.JUnitReportReporter -->
<testsuite hostname="DESKTOP-CVSSBQ4" failures="0" tests="2" name="commerce_service.Userdetail" time="6.939" errors="0" timestamp="2022-02-09T20:20:51 PKT" skipped="0">
  <testcase classname="commerce_service.Userdetail" name="login_user" time="5.007"/>
  <system-out/>
  <testcase classname="commerce_service.Userdetail" name="get_detail" time="1.932"/>
  <system-out/>
</testsuite> <!-- commerce_service.Userdetail -->
