<?xml version="1.0" encoding="UTF-8"?>
<!-- Generated by org.testng.reporters.JUnitReportReporter -->
<testsuite hostname="DESKTOP-CVSSBQ4" failures="0" tests="3" name="commerce_service.Unsetuserdefaultaddress" time="7.171" errors="0" timestamp="2022-02-15T12:07:05 PKT" skipped="0">
  <testcase classname="commerce_service.Unsetuserdefaultaddress" name="login_user" time="3.582"/>
  <system-out/>
  <testcase classname="commerce_service.Unsetuserdefaultaddress" name="create_address" time="1.568"/>
  <system-out/>
  <testcase classname="commerce_service.Unsetuserdefaultaddress" name="unset_address" time="2.021"/>
  <system-out/>
</testsuite> <!-- commerce_service.Unsetuserdefaultaddress -->
