<?xml version="1.0" encoding="UTF-8"?>
<!-- Generated by org.testng.reporters.JUnitReportReporter -->
<testsuite hostname="DESKTOP-CVSSBQ4" failures="0" tests="1" name="commerce_service.Login" time="6.359" errors="0" timestamp="2022-02-15T12:07:05 PKT" skipped="0">
  <testcase classname="commerce_service.Login" name="login_user" time="6.359"/>
  <system-out/>
</testsuite> <!-- commerce_service.Login -->
