<?xml version="1.0" encoding="UTF-8"?>
<!-- Generated by org.testng.reporters.JUnitReportReporter -->
<testsuite hostname="DESKTOP-CVSSBQ4" failures="0" tests="2" name="commerce_service.Createguestuser" time="6.563" errors="0" timestamp="2022-02-15T12:07:05 PKT" skipped="0">
  <testcase classname="commerce_service.Createguestuser" name="login_user" time="4.719"/>
  <system-out/>
  <testcase classname="commerce_service.Createguestuser" name="guest_user" time="1.844"/>
  <system-out/>
</testsuite> <!-- commerce_service.Createguestuser -->
