<?xml version="1.0" encoding="UTF-8"?>
<!-- Generated by org.testng.reporters.JUnitReportReporter -->
<testsuite hostname="DESKTOP-CVSSBQ4" failures="0" tests="1" name="commerce_service.Createuser" time="3.742" errors="0" timestamp="2022-02-15T12:07:05 PKT" skipped="0">
  <testcase classname="commerce_service.Createuser" name="create_local_user" time="3.742"/>
  <system-out/>
</testsuite> <!-- commerce_service.Createuser -->
