<?xml version="1.0" encoding="UTF-8"?>
<!-- Generated by org.testng.reporters.JUnitReportReporter -->
<testsuite hostname="DESKTOP-CVSSBQ4" failures="0" tests="2" name="commerce_service.Updateusername" time="6.079" errors="0" timestamp="2022-02-08T17:33:11 PKT" skipped="0">
  <testcase classname="commerce_service.Updateusername" name="login_user" time="4.159"/>
  <system-out/>
  <testcase classname="commerce_service.Updateusername" name="update_name" time="1.920"/>
  <system-out/>
</testsuite> <!-- commerce_service.Updateusername -->
