<?xml version="1.0" encoding="UTF-8"?>
<!-- Generated by org.testng.reporters.JUnitReportReporter -->
<testsuite hostname="DESKTOP-CVSSBQ4" failures="0" tests="3" name="commerce_service.Updateaddress" time="7.049" errors="0" timestamp="2022-02-08T17:33:11 PKT" skipped="0">
  <testcase classname="commerce_service.Updateaddress" name="login_user" time="4.197"/>
  <system-out/>
  <testcase classname="commerce_service.Updateaddress" name="create_address" time="1.539"/>
  <system-out/>
  <testcase classname="commerce_service.Updateaddress" name="update_address" time="1.313"/>
  <system-out/>
</testsuite> <!-- commerce_service.Updateaddress -->
