<?xml version="1.0" encoding="UTF-8"?>
<!-- Generated by org.testng.reporters.JUnitReportReporter -->
<testsuite hostname="DESKTOP-CVSSBQ4" failures="0" tests="2" name="commerce_service.Createaddress" time="5.497" errors="0" timestamp="2022-02-15T12:07:05 PKT" skipped="0">
  <testcase classname="commerce_service.Createaddress" name="login_user" time="3.434"/>
  <system-out/>
  <testcase classname="commerce_service.Createaddress" name="create_address" time="2.063"/>
  <system-out/>
</testsuite> <!-- commerce_service.Createaddress -->
