<?xml version="1.0" encoding="UTF-8"?>
<!-- Generated by org.testng.reporters.JUnitReportReporter -->
<testsuite hostname="DESKTOP-CVSSBQ4" failures="0" tests="2" name="commerce_service.Createguestuser" time="6.222" errors="0" timestamp="2022-02-09T20:20:51 PKT" skipped="0">
  <testcase classname="commerce_service.Createguestuser" name="login_user" time="4.614"/>
  <system-out/>
  <testcase classname="commerce_service.Createguestuser" name="guest_user" time="1.608"/>
  <system-out/>
</testsuite> <!-- commerce_service.Createguestuser -->
