<?xml version="1.0" encoding="UTF-8"?>
<!-- Generated by org.testng.reporters.JUnitReportReporter -->
<testsuite hostname="DESKTOP-CVSSBQ4" failures="0" tests="2" name="commerce_service.Resetpasswordtoken" time="5.856" errors="0" timestamp="2022-02-09T20:20:51 PKT" skipped="0">
  <testcase classname="commerce_service.Resetpasswordtoken" name="login_user" time="3.822"/>
  <system-out/>
  <testcase classname="commerce_service.Resetpasswordtoken" name="reset_password_token" time="2.034"/>
  <system-out/>
</testsuite> <!-- commerce_service.Resetpasswordtoken -->
