<?xml version="1.0" encoding="UTF-8"?>
<!-- Generated by org.testng.reporters.JUnitReportReporter -->
<testsuite hostname="DESKTOP-CVSSBQ4" failures="0" tests="2" name="commerce_service.Userdetail" time="6.642" errors="0" timestamp="2022-02-08T17:33:11 PKT" skipped="0">
  <testcase classname="commerce_service.Userdetail" name="login_user" time="4.919"/>
  <system-out/>
  <testcase classname="commerce_service.Userdetail" name="get_detail" time="1.723"/>
  <system-out/>
</testsuite> <!-- commerce_service.Userdetail -->
