<?xml version="1.0" encoding="UTF-8"?>
<!-- Generated by org.testng.reporters.JUnitReportReporter -->
<testsuite hostname="DESKTOP-CVSSBQ4" failures="0" tests="2" name="commerce_service.Createguestuser" time="5.140" errors="0" timestamp="2022-02-08T17:33:11 PKT" skipped="0">
  <testcase classname="commerce_service.Createguestuser" name="login_user" time="4.056"/>
  <system-out/>
  <testcase classname="commerce_service.Createguestuser" name="guest_user" time="1.084"/>
  <system-out/>
</testsuite> <!-- commerce_service.Createguestuser -->
