<?xml version="1.0" encoding="UTF-8"?>
<!-- Generated by org.testng.reporters.JUnitReportReporter -->
<testsuite hostname="DESKTOP-CVSSBQ4" failures="0" tests="2" name="commerce_service.Resetpasswordtoken" time="6.117" errors="0" timestamp="2022-02-08T17:33:11 PKT" skipped="0">
  <testcase classname="commerce_service.Resetpasswordtoken" name="login_user" time="4.289"/>
  <system-out/>
  <testcase classname="commerce_service.Resetpasswordtoken" name="reset_password_token" time="1.828"/>
  <system-out/>
</testsuite> <!-- commerce_service.Resetpasswordtoken -->
