<?xml version="1.0" encoding="UTF-8"?>
<!-- Generated by org.testng.reporters.JUnitReportReporter -->
<testsuite hostname="DESKTOP-CVSSBQ4" failures="0" tests="3" name="v1_scenario.Deleteaddress" time="8.784" errors="0" timestamp="2022-02-11T13:43:37 PKT" skipped="0">
  <testcase classname="v1_scenario.Deleteaddress" name="LoginUpdatedName" time="6.113"/>
  <system-out/>
  <testcase classname="v1_scenario.Deleteaddress" name="createAddress" time="0.957"/>
  <system-out/>
  <testcase classname="v1_scenario.Deleteaddress" name="delAddress" time="1.714"/>
  <system-out/>
</testsuite> <!-- v1_scenario.Deleteaddress -->
