<?xml version="1.0" encoding="UTF-8"?>
<!-- Generated by org.testng.reporters.JUnitReportReporter -->
<testsuite hostname="DESKTOP-CVSSBQ4" failures="0" tests="3" name="commerce_service.Addressbyid" time="7.773" errors="0" timestamp="2022-02-08T17:33:11 PKT" skipped="0">
  <testcase classname="commerce_service.Addressbyid" name="login_user" time="5.136"/>
  <system-out/>
  <testcase classname="commerce_service.Addressbyid" name="create_address" time="0.844"/>
  <system-out/>
  <testcase classname="commerce_service.Addressbyid" name="get_addressby_id" time="1.793"/>
  <system-out/>
</testsuite> <!-- commerce_service.Addressbyid -->
