<?xml version="1.0" encoding="UTF-8"?>
<!-- Generated by org.testng.reporters.JUnitReportReporter -->
<testsuite hostname="DESKTOP-CVSSBQ4" failures="0" tests="2" name="commerce_service.Userdetail" time="4.969" errors="0" timestamp="2022-02-15T12:07:05 PKT" skipped="0">
  <testcase classname="commerce_service.Userdetail" name="login_user" time="3.027"/>
  <system-out/>
  <testcase classname="commerce_service.Userdetail" name="get_detail" time="1.942"/>
  <system-out/>
</testsuite> <!-- commerce_service.Userdetail -->
