<?xml version="1.0" encoding="UTF-8"?>
<!-- Generated by org.testng.reporters.JUnitReportReporter -->
<testsuite hostname="DESKTOP-CVSSBQ4" failures="0" tests="3" name="commerce_service.Deleteaddress" time="6.712" errors="0" timestamp="2022-02-08T17:33:11 PKT" skipped="0">
  <testcase classname="commerce_service.Deleteaddress" name="login_user" time="4.866"/>
  <system-out/>
  <testcase classname="commerce_service.Deleteaddress" name="create_address" time="0.955"/>
  <system-out/>
  <testcase classname="commerce_service.Deleteaddress" name="del_address" time="0.891"/>
  <system-out/>
</testsuite> <!-- commerce_service.Deleteaddress -->
