<?xml version="1.0" encoding="UTF-8"?>
<!-- Generated by org.testng.reporters.JUnitReportReporter -->
<testsuite hostname="DESKTOP-CVSSBQ4" failures="0" tests="2" name="commerce_service.Getaddressofalluser" time="5.856" errors="0" timestamp="2022-02-08T17:33:11 PKT" skipped="0">
  <testcase classname="commerce_service.Getaddressofalluser" name="login_user" time="4.171"/>
  <system-out/>
  <testcase classname="commerce_service.Getaddressofalluser" name="address_of_alluser" time="1.685"/>
  <system-out/>
</testsuite> <!-- commerce_service.Getaddressofalluser -->
