<?xml version="1.0" encoding="UTF-8"?>
<!-- Generated by org.testng.reporters.JUnitReportReporter -->
<testsuite hostname="DESKTOP-CVSSBQ4" failures="0" tests="2" name="commerce_service.Changepassword" time="5.987" errors="0" timestamp="2022-02-08T17:33:11 PKT" skipped="0">
  <testcase classname="commerce_service.Changepassword" name="login_user" time="4.417"/>
  <system-out/>
  <testcase classname="commerce_service.Changepassword" name="change_password" time="1.570"/>
  <system-out/>
</testsuite> <!-- commerce_service.Changepassword -->
