<?xml version="1.0" encoding="UTF-8"?>
<!-- Generated by org.testng.reporters.JUnitReportReporter -->
<testsuite hostname="DESKTOP-CVSSBQ4" failures="0" tests="4" name="v1_scenario.Getaddressbyid" time="9.059" errors="0" timestamp="2022-02-15T12:25:26 PKT" skipped="0">
  <testcase classname="v1_scenario.Getaddressbyid" name="LoginUpdatedName" time="4.830"/>
  <system-out/>
  <testcase classname="v1_scenario.Getaddressbyid" name="createAddress" time="0.781"/>
  <system-out/>
  <testcase classname="v1_scenario.Getaddressbyid" name="delAddress" time="1.965"/>
  <system-out/>
  <testcase classname="v1_scenario.Getaddressbyid" name="getAddressById" time="1.483"/>
  <system-out/>
</testsuite> <!-- v1_scenario.Getaddressbyid -->
