<?xml version="1.0" encoding="UTF-8"?>
<!-- Generated by org.testng.reporters.JUnitReportReporter -->
<testsuite hostname="DESKTOP-CVSSBQ4" failures="0" tests="2" name="v1_scenario.Createaddresssecnario" time="6.586" errors="0" timestamp="2022-02-15T12:25:26 PKT" skipped="0">
  <testcase classname="v1_scenario.Createaddresssecnario" name="LoginUpdatedName" time="4.777"/>
  <system-out/>
  <testcase classname="v1_scenario.Createaddresssecnario" name="createAddress" time="1.809"/>
  <system-out/>
</testsuite> <!-- v1_scenario.Createaddresssecnario -->
