<?xml version="1.0" encoding="UTF-8"?>
<!-- Generated by org.testng.reporters.JUnitReportReporter -->
<testsuite hostname="DESKTOP-CVSSBQ4" failures="0" tests="2" name="v1_scenario.Changepswrdscenario" time="6.077" errors="0" timestamp="2022-02-15T12:25:26 PKT" skipped="0">
  <testcase classname="v1_scenario.Changepswrdscenario" name="login_user" time="4.895"/>
  <system-out/>
  <testcase classname="v1_scenario.Changepswrdscenario" name="change_password" time="1.182"/>
  <system-out/>
</testsuite> <!-- v1_scenario.Changepswrdscenario -->
