<?xml version="1.0" encoding="UTF-8"?>
<!-- Generated by org.testng.reporters.JUnitReportReporter -->
<testsuite hostname="DESKTOP-CVSSBQ4" failures="0" tests="2" name="commerce_service.Verifyresettoken" time="8.720" errors="0" timestamp="2022-02-07T17:09:17 PKT" skipped="0">
  <testcase classname="commerce_service.Verifyresettoken" name="login_user" time="6.779"/>
  <system-out/>
  <testcase classname="commerce_service.Verifyresettoken" name="verify_token" time="1.941"/>
  <system-out/>
</testsuite> <!-- commerce_service.Verifyresettoken -->
