<?xml version="1.0" encoding="UTF-8"?>
<!-- Generated by org.testng.reporters.JUnitReportReporter -->
<testsuite hostname="DESKTOP-CVSSBQ4" failures="0" tests="1" name="commerce_service.Createuser" time="3.169" errors="0" timestamp="2022-02-09T20:20:51 PKT" skipped="0">
  <testcase classname="commerce_service.Createuser" name="create_local_user" time="3.169"/>
  <system-out/>
</testsuite> <!-- commerce_service.Createuser -->
