<?xml version="1.0" encoding="UTF-8"?>
<!-- Generated by org.testng.reporters.JUnitReportReporter -->
<testsuite hostname="DESKTOP-CVSSBQ4" failures="0" tests="1" name="v1_scenario.Loginothertoken" time="3.099" errors="0" timestamp="2022-02-10T19:26:16 PKT" skipped="0">
  <testcase classname="v1_scenario.Loginothertoken" name="LoginOtherToken" time="3.099"/>
  <system-out/>
</testsuite> <!-- v1_scenario.Loginothertoken -->
