<?xml version="1.0" encoding="UTF-8"?>
<!-- Generated by org.testng.reporters.JUnitReportReporter -->
<testsuite hostname="DESKTOP-CVSSBQ4" failures="0" tests="3" name="commerce_service.Unsetuserdefaultaddress" time="8.701" errors="0" timestamp="2022-02-09T20:20:51 PKT" skipped="0">
  <testcase classname="commerce_service.Unsetuserdefaultaddress" name="login_user" time="5.329"/>
  <system-out/>
  <testcase classname="commerce_service.Unsetuserdefaultaddress" name="create_address" time="1.544"/>
  <system-out/>
  <testcase classname="commerce_service.Unsetuserdefaultaddress" name="unset_address" time="1.828"/>
  <system-out/>
</testsuite> <!-- commerce_service.Unsetuserdefaultaddress -->
