<?xml version="1.0" encoding="UTF-8"?>
<!-- Generated by org.testng.reporters.JUnitReportReporter -->
<testsuite hostname="DESKTOP-CVSSBQ4" failures="0" tests="3" name="commerce_service.Addressbyid" time="6.647" errors="0" timestamp="2022-02-09T20:20:51 PKT" skipped="0">
  <testcase classname="commerce_service.Addressbyid" name="login_user" time="4.815"/>
  <system-out/>
  <testcase classname="commerce_service.Addressbyid" name="create_address" time="0.823"/>
  <system-out/>
  <testcase classname="commerce_service.Addressbyid" name="get_addressby_id" time="1.009"/>
  <system-out/>
</testsuite> <!-- commerce_service.Addressbyid -->
