<?xml version="1.0" encoding="UTF-8"?>
<!-- Generated by org.testng.reporters.JUnitReportReporter -->
<testsuite hostname="DESKTOP-CVSSBQ4" failures="0" tests="3" name="commerce_service.Updateaddress" time="8.595" errors="0" timestamp="2022-02-09T20:20:51 PKT" skipped="0">
  <testcase classname="commerce_service.Updateaddress" name="login_user" time="5.229"/>
  <system-out/>
  <testcase classname="commerce_service.Updateaddress" name="create_address" time="1.643"/>
  <system-out/>
  <testcase classname="commerce_service.Updateaddress" name="update_address" time="1.723"/>
  <system-out/>
</testsuite> <!-- commerce_service.Updateaddress -->
