<?xml version="1.0" encoding="UTF-8"?>
<!-- Generated by org.testng.reporters.JUnitReportReporter -->
<testsuite hostname="DESKTOP-CVSSBQ4" failures="0" tests="1" name="commerce_service.Createuser" time="4.229" errors="0" timestamp="2022-02-08T17:33:11 PKT" skipped="0">
  <testcase classname="commerce_service.Createuser" name="create_local_user" time="4.229"/>
  <system-out/>
</testsuite> <!-- commerce_service.Createuser -->
