<?xml version="1.0" encoding="UTF-8"?>
<!-- Generated by org.testng.reporters.JUnitReportReporter -->
<testsuite hostname="DESKTOP-CVSSBQ4" failures="0" tests="1" name="Negative_scenario.Createwithoutprovider" time="1.475" errors="0" timestamp="2022-02-15T19:45:59 PKT" skipped="0">
  <testcase classname="Negative_scenario.Createwithoutprovider" name="create_without_namepassword" time="1.475"/>
  <system-out/>
</testsuite> <!-- Negative_scenario.Createwithoutprovider -->
