<?xml version="1.0" encoding="UTF-8"?>
<!-- Generated by org.testng.reporters.JUnitReportReporter -->
<testsuite hostname="DESKTOP-CVSSBQ4" failures="0" tests="2" name="commerce_service.Getaddressofalluser" time="7.304" errors="0" timestamp="2022-02-15T12:07:05 PKT" skipped="0">
  <testcase classname="commerce_service.Getaddressofalluser" name="login_user" time="5.424"/>
  <system-out/>
  <testcase classname="commerce_service.Getaddressofalluser" name="address_of_alluser" time="1.880"/>
  <system-out/>
</testsuite> <!-- commerce_service.Getaddressofalluser -->
