<?xml version="1.0" encoding="UTF-8"?>
<!-- Generated by org.testng.reporters.JUnitReportReporter -->
<testsuite hostname="DESKTOP-CVSSBQ4" failures="0" tests="3" name="commerce_service.Unsetuserdefaultaddress" time="7.507" errors="0" timestamp="2022-02-08T17:33:11 PKT" skipped="0">
  <testcase classname="commerce_service.Unsetuserdefaultaddress" name="login_user" time="4.142"/>
  <system-out/>
  <testcase classname="commerce_service.Unsetuserdefaultaddress" name="create_address" time="1.622"/>
  <system-out/>
  <testcase classname="commerce_service.Unsetuserdefaultaddress" name="unset_address" time="1.743"/>
  <system-out/>
</testsuite> <!-- commerce_service.Unsetuserdefaultaddress -->
