<?xml version="1.0" encoding="UTF-8"?>
<!-- Generated by org.testng.reporters.JUnitReportReporter -->
<testsuite hostname="DESKTOP-CVSSBQ4" failures="0" tests="3" name="commerce_service.Deleteaddress" time="7.578" errors="0" timestamp="2022-02-15T12:07:05 PKT" skipped="0">
  <testcase classname="commerce_service.Deleteaddress" name="login_user" time="4.000"/>
  <system-out/>
  <testcase classname="commerce_service.Deleteaddress" name="create_address" time="1.636"/>
  <system-out/>
  <testcase classname="commerce_service.Deleteaddress" name="del_address" time="1.942"/>
  <system-out/>
</testsuite> <!-- commerce_service.Deleteaddress -->
