<?xml version="1.0" encoding="UTF-8"?>
<!-- Generated by org.testng.reporters.JUnitReportReporter -->
<testsuite hostname="DESKTOP-CVSSBQ4" failures="0" tests="1" name="Negative_scenario.Createwithoutpassword" time="1.660" errors="0" timestamp="2022-02-15T19:45:59 PKT" skipped="0">
  <testcase classname="Negative_scenario.Createwithoutpassword" name="create_local_user" time="1.660"/>
  <system-out/>
</testsuite> <!-- Negative_scenario.Createwithoutpassword -->
