<?xml version="1.0" encoding="UTF-8"?>
<!-- Generated by org.testng.reporters.JUnitReportReporter -->
<testsuite hostname="DESKTOP-CVSSBQ4" failures="0" tests="2" name="commerce_service.Refreshtoken" time="5.117" errors="0" timestamp="2022-02-08T17:33:11 PKT" skipped="0">
  <testcase classname="commerce_service.Refreshtoken" name="login_user" time="3.435"/>
  <system-out/>
  <testcase classname="commerce_service.Refreshtoken" name="token_refresh" time="1.682"/>
  <system-out/>
</testsuite> <!-- commerce_service.Refreshtoken -->
