<?xml version="1.0" encoding="UTF-8"?>
<!-- Generated by org.testng.reporters.JUnitReportReporter -->
<testsuite hostname="DESKTOP-CVSSBQ4" failures="0" tests="2" name="commerce_service.Resetpasswordtoken" time="5.648" errors="0" timestamp="2022-02-15T12:07:05 PKT" skipped="0">
  <testcase classname="commerce_service.Resetpasswordtoken" name="login_user" time="4.272"/>
  <system-out/>
  <testcase classname="commerce_service.Resetpasswordtoken" name="reset_password_token" time="1.376"/>
  <system-out/>
</testsuite> <!-- commerce_service.Resetpasswordtoken -->
