<?xml version="1.0" encoding="UTF-8"?>
<!-- Generated by org.testng.reporters.JUnitReportReporter -->
<testsuite hostname="DESKTOP-CVSSBQ4" failures="0" tests="1" name="Negative_scenario.Createwithoutdata" time="1.560" errors="0" timestamp="2022-02-15T19:45:59 PKT" skipped="0">
  <testcase classname="Negative_scenario.Createwithoutdata" name="create_without_data" time="1.560"/>
  <system-out/>
</testsuite> <!-- Negative_scenario.Createwithoutdata -->
