<?xml version="1.0" encoding="UTF-8"?>
<!-- Generated by org.testng.reporters.JUnitReportReporter -->
<testsuite hostname="DESKTOP-CVSSBQ4" failures="0" tests="1" name="v1_scenario.Loginwithnewww" time="4.639" errors="0" timestamp="2022-02-10T16:51:47 PKT" skipped="0">
  <testcase classname="v1_scenario.Loginwithnewww" name="login_user" time="4.639"/>
  <system-out/>
</testsuite> <!-- v1_scenario.Loginwithnewww -->
