<?xml version="1.0" encoding="UTF-8"?>
<!-- Generated by org.testng.reporters.JUnitReportReporter -->
<testsuite hostname="DESKTOP-CVSSBQ4" failures="0" tests="1" name="commerce_service.Login" time="5.431" errors="0" timestamp="2022-02-09T20:20:51 PKT" skipped="0">
  <testcase classname="commerce_service.Login" name="login_user" time="5.431"/>
  <system-out/>
</testsuite> <!-- commerce_service.Login -->
