<?xml version="1.0" encoding="UTF-8"?>
<!-- Generated by org.testng.reporters.JUnitReportReporter -->
<testsuite hostname="DESKTOP-CVSSBQ4" failures="0" tests="1" name="v1_scenario.Createexistinguser" time="1.471" errors="0" timestamp="2022-02-15T12:25:26 PKT" skipped="0">
  <testcase classname="v1_scenario.Createexistinguser" name="duplicateUser" time="1.471"/>
  <system-out/>
</testsuite> <!-- v1_scenario.Createexistinguser -->
