<?xml version="1.0" encoding="UTF-8"?>
<!-- Generated by org.testng.reporters.JUnitReportReporter -->
<testsuite hostname="DESKTOP-CVSSBQ4" failures="0" tests="2" name="commerce_service.Resetpasword" time="7.089" errors="0" timestamp="2022-02-15T12:07:05 PKT" skipped="0">
  <testcase classname="commerce_service.Resetpasword" name="login_user" time="4.347"/>
  <system-out/>
  <testcase classname="commerce_service.Resetpasword" name="reset_password" time="2.742"/>
  <system-out/>
</testsuite> <!-- commerce_service.Resetpasword -->
