<?xml version="1.0" encoding="UTF-8"?>
<!-- Generated by org.testng.reporters.JUnitReportReporter -->
<testsuite hostname="DESKTOP-CVSSBQ4" failures="0" tests="2" name="commerce_service.Createaddress" time="6.392" errors="0" timestamp="2022-02-09T20:20:51 PKT" skipped="0">
  <testcase classname="commerce_service.Createaddress" name="login_user" time="4.507"/>
  <system-out/>
  <testcase classname="commerce_service.Createaddress" name="create_address" time="1.885"/>
  <system-out/>
</testsuite> <!-- commerce_service.Createaddress -->
