<?xml version="1.0" encoding="UTF-8"?>
<!-- Generated by org.testng.reporters.JUnitReportReporter -->
<testsuite hostname="DESKTOP-CVSSBQ4" failures="0" tests="2" name="Negative_scenario.Chngpasswithspacenew" time="6.849" errors="0" timestamp="2022-02-15T19:45:59 PKT" skipped="0">
  <testcase classname="Negative_scenario.Chngpasswithspacenew" name="login_user" time="5.147"/>
  <system-out/>
  <testcase classname="Negative_scenario.Chngpasswithspacenew" name="change_space_newpass" time="1.702"/>
  <system-out/>
</testsuite> <!-- Negative_scenario.Chngpasswithspacenew -->
